<?xml version="1.0" encoding="UTF-8"?>
<!-- Generated by org.testng.reporters.JUnitReportReporter -->
<testsuite hostname="MBGNW0224" failures="0" tests="4" name="pomScripts.SmokeTests" time="16.967" errors="0" timestamp="2022-06-22T23:59:02 EEST" skipped="0">
  <testcase classname="pomScripts.SmokeTests" name="likePost" time="5.942"/>
  <system-out/>
  <testcase classname="pomScripts.SmokeTests" name="loginTest" time="3.288"/>
  <system-out/>
  <testcase classname="pomScripts.SmokeTests" name="logOut" time="3.924"/>
  <system-out/>
  <testcase classname="pomScripts.SmokeTests" name="signInTest" time="3.813"/>
  <system-out/>
</testsuite> <!-- pomScripts.SmokeTests -->
